\BOOKMARK [2][]{Outline0.1}{Specifiche di Progetto TrackMyCar}{}% 1
\BOOKMARK [2][]{Outline0.2}{Ciclo di vita e processo di sviluppo}{}% 2
\BOOKMARK [2][]{Outline0.3}{Documento di Vision}{}% 3
\BOOKMARK [2][]{Outline0.4}{Documento di Caratteristiche}{}% 4
\BOOKMARK [2][]{Outline0.5}{Documento di Specifiche dei Casi D'Uso}{}% 5
\BOOKMARK [2][]{Outline0.6}{WBS}{}% 6
\BOOKMARK [2][]{Outline0.7}{OBS}{}% 7
\BOOKMARK [2][]{Outline0.8}{Documento di Project Plan}{}% 8
\BOOKMARK [2][]{Outline0.9}{RAM / RACI}{}% 9
\BOOKMARK [2][]{Outline0.10}{Reticolo di Progetto / CPM}{}% 10
\BOOKMARK [2][]{Outline0.11}{Cronoprogramma}{}% 11
\BOOKMARK [2][]{Outline0.12}{Infrastruttura di Progetto}{}% 12
\BOOKMARK [2][]{Outline0.13}{Documento di Risk List}{}% 13
\BOOKMARK [2][]{Outline0.14}{Design}{}% 14
\BOOKMARK [2][]{Outline0.15}{Diagramma dei Package}{}% 15
\BOOKMARK [2][]{Outline0.16}{Diagramma delle Classi}{}% 16
\BOOKMARK [2][]{Outline0.17}{Diagramma delle Sequenze}{}% 17
\BOOKMARK [2][]{Outline0.18}{Design Pattern}{}% 18
\BOOKMARK [2][]{Outline0.19}{Principi SOLID}{}% 19
\BOOKMARK [2][]{Outline0.20}{Documento di TestPlan : cosa e quando \350 stato testato?}{}% 20
